C51 COMPILER V9.00   DELAY                                                                 12/23/2021 14:39:11 PAGE 1   


C51 COMPILER V9.00, COMPILATION OF MODULE DELAY
OBJECT MODULE PLACED IN Delay.OBJ
COMPILER INVOKED BY: C:\Keil\C51\BIN\C51.EXE Delay.c OMF2 BROWSE DEBUG

line level    source

   1          //void Delay(unsigned int xms)
   2          //{
   3          //      unsigned int x,y;
   4          //      for(x=xms;x>=0;x--)
   5          //      for(y=110;y>=0;y--)     ;
   6          //      while(xms--)
   7          //      {       i = 20;
   8          //      j = 113;
   9          //      do
  10          //      {
  11          //      while (--j);
  12          //      } while (--i);
  13          //}
  14          //void delay_ms(uint n)
  15          //{
  16          //uint i,j;
  17          //for(i=n;i>0;i¨C)
  18          //for(y=114;y>0;y¨C);
  19          //}
  20          //N msÑÓÊ±
  21          void delay_ms(unsigned int n)
  22          {
  23   1      int i,j,y;
  24   1      for(i=n;i>0;i--)
  25   1      for(y=114;y>0;y--);
  26   1      }
*** WARNING C280 IN LINE 23 OF DELAY.C: 'j': unreferenced local variable


MODULE INFORMATION:   STATIC OVERLAYABLE
   CODE SIZE        =     32    ----
   CONSTANT SIZE    =   ----    ----
   XDATA SIZE       =   ----    ----
   PDATA SIZE       =   ----    ----
   DATA SIZE        =   ----       2
   IDATA SIZE       =   ----    ----
   BIT SIZE         =   ----    ----
   EDATA SIZE       =   ----    ----
   HDATA SIZE       =   ----    ----
   XDATA CONST SIZE =   ----    ----
   FAR CONST SIZE   =   ----    ----
END OF MODULE INFORMATION.


C51 COMPILATION COMPLETE.  1 WARNING(S),  0 ERROR(S)
