C51 COMPILER V9.00   MAIN                                                                  12/23/2021 14:39:16 PAGE 1   


C51 COMPILER V9.00, COMPILATION OF MODULE MAIN
OBJECT MODULE PLACED IN main.OBJ
COMPILER INVOKED BY: C:\Keil\C51\BIN\C51.EXE main.c OMF2 BROWSE DEBUG

line level    source

   1          #include <reg52.h>
   2          #include "lcd1602.h "
   3          #include "MoveState.h"
   4          #include "Motordirver.h"
   5          #include "Timer.h"
   6          #include "Delay.h"
   7          #include "Infraredtrack.h"
   8          #include "uart.h"
   9          #include "string.h" 
  10          unsigned char ch;                      //strlen包含的头文件
  11          //#define uint unsigned int 
  12          //#define uint8 unsigned char
  13          // 
  14          //sbit lcden=P2^4;
  15          //sbit lcdrs=P2^5;
  16          //sbit dula=P2^6;
  17          //sbit wela=P2^7;
  18          //
  19          //uint8 code table[]="Hello everyone!"; 
  20          //uint8 code table1[]="Welcome to my blog!";
  21          //uint8 num;
  22          //void xianshi();
  23          //void delay(uint z);
  24          //void write_com(uint8 com);
  25          //void write_data(uint8 date);
  26          //void init();
  27          //void Write1602_Str(uint addr,uint length,uint *pbuf);
  28          //unsigned int m=0; 
  29           void UartInit();
  30          void Uart_Send_Byte(unsigned char dat);
  31          void  main()
  32          {
  33   1                UartInit();
  34   1              Timer0_Init();
  35   1              EA=1;
  36   1              PWMR=30;
  37   1              PWML=30;
  38   1                      while(1)
  39   1                      {
  40   2                      Track();
  41   2                              if((PWML==0)&&(PWMR==0)&&(m==1))
  42   2                 {Uart_Send_Byte('Q'); }
  43   2                  if((PWML>PWMR)&&(m==1))
  44   2             {Uart_Send_Byte('A'); }
  45   2                       if((PWML<PWMR)&&(m==1))
  46   2             {Uart_Send_Byte('D'); }
  47   2                  if((PWML>0)&&(PWMR>0)&&(m==0) )
  48   2                  {Uart_Send_Byte('S');}
  49   2                 if((PWML>0)&&(PWMR>0)&&(m==1))
  50   2                  {Uart_Send_Byte('P');}      
  51   2                      }
  52   1      
  53   1      //主函数
  54   1              
  55   1              
C51 COMPILER V9.00   MAIN                                                                  12/23/2021 14:39:16 PAGE 2   

  56   1              }
  57                  void UartInit(void)             //9600bps@12.000MHz
  58          {
  59   1              PCON &= 0x7F;           //波特率不倍速
  60   1              SCON = 0x50;            //8位数据,可变波特率                    
  61   1              TMOD = 0x21;            //设定定时器1为8位自动重装方式
  62   1              TL1 = 0xFD;             //设定定时初值
  63   1              TH1 = 0xFD;             //设定定时器重装值
  64   1              ET1 = 0;                //禁止定时器1中断
  65   1              TR1 = 1;                //启动定时器1
  66   1              EA=1;
  67   1              ES=1;
  68   1              REN=1;
  69   1      }
  70          
  71          
  72          
  73          //串口接收中断
  74          void Uart_IRQ() interrupt 4
  75          {
  76   1       if(RI==1)
  77   1      {  
  78   2         RI=0;//清标志位 
  79   2         
  80   2         ch=SBUF;
  81   2         if(ch=='w')
  82   2         { PWML=70;
  83   3           PWMR=70;
  84   3                      lcd1602_init();
  85   3              lcd1602_write_cmd(0x82); //确定显示位置 
  86   3              lcd1602_write_data(0x41);//确定显示内容 
  87   3              lcd1602_char(0,3,'P'); 
  88   3          CarGo();}
  89   2              
  90   2         if(ch=='s')
  91   2         { PWML=70;
  92   3           PWMR=70;
  93   3                      lcd1602_init();
  94   3              lcd1602_write_cmd(0x82); //确定显示位置 
  95   3              lcd1602_write_data(0x41);//确定显示内容 
  96   3              lcd1602_char(0,3,'S');  
  97   3          CarBack();}
  98   2      
  99   2         if(ch=='a')
 100   2         { PWML=70;
 101   3           PWMR=0;
 102   3                      lcd1602_init();
 103   3              lcd1602_write_cmd(0x82); //确定显示位置 
 104   3              lcd1602_write_data(0x41);//确定显示内容 
 105   3              lcd1602_char(0,3,'A'); 
 106   3               CarGo();}
 107   2          if(ch=='d')   
 108   2         {PWML=0;
 109   3           PWMR=70;
 110   3                      lcd1602_init();
 111   3              lcd1602_write_cmd(0x82); //确定显示位置 
 112   3              lcd1602_write_data(0x41);//确定显示内容 
 113   3              lcd1602_char(0,3,'D'); 
 114   3               CarGo();}
 115   2         if(ch=='c')    
 116   2         { PWML=0;
 117   3           PWMR=0;
C51 COMPILER V9.00   MAIN                                                                  12/23/2021 14:39:16 PAGE 3   

 118   3                      lcd1602_init();
 119   3              lcd1602_write_cmd(0x82); //确定显示位置 
 120   3              lcd1602_write_data(0x41);//确定显示内容 
 121   3              lcd1602_char(0,3,'Q'); 
 122   3         CarGo();}               
 123   2       }
 124   1       } 
 125            void Uart_Send_Byte(unsigned char dat)
 126          {       
 127   1              SBUF = dat;
 128   1              while(!TI);
 129   1              TI=0;
 130   1      } 


MODULE INFORMATION:   STATIC OVERLAYABLE
   CODE SIZE        =    520    ----
   CONSTANT SIZE    =   ----    ----
   XDATA SIZE       =   ----    ----
   PDATA SIZE       =   ----    ----
   DATA SIZE        =      1    ----
   IDATA SIZE       =   ----    ----
   BIT SIZE         =   ----    ----
   EDATA SIZE       =   ----    ----
   HDATA SIZE       =   ----    ----
   XDATA CONST SIZE =   ----    ----
   FAR CONST SIZE   =   ----    ----
END OF MODULE INFORMATION.


C51 COMPILATION COMPLETE.  0 WARNING(S),  0 ERROR(S)
