C51 COMPILER V9.00   MOVESTATE                                                             12/23/2021 14:39:19 PAGE 1   


C51 COMPILER V9.00, COMPILATION OF MODULE MOVESTATE
OBJECT MODULE PLACED IN MoveState.OBJ
COMPILER INVOKED BY: C:\Keil\C51\BIN\C51.EXE MoveState.c OMF2 BROWSE DEBUG

line level    source

   1          #include <reg52.h>
   2          #include "Motordirver.h"
   3          #include "Delay.h"
   4          #include "lcd1602.h"
   5          #include "Timer.h"
   6          
   7          unsigned int m; 
   8          
   9          void CarGo()
  10          {RightMotoForward();LeftMotoForward();m=1; 
  11   1      
  12   1                      
  13   1      //      lcd1602_init();
  14   1      //      lcd1602_write_cmd(0x82); //确定显示位置 
  15   1      //      lcd1602_write_data(0x41);//确定显示内容 
  16   1      //      lcd1602_char(0,3,'P'); 
  17   1      
  18   1      }
  19          
  20          void CarBack()
  21          {RightMotoBack();LeftMotoBack();m=0;}
  22                  
  23          void CarRight()
  24          {RightMotoStop();LeftMotoForward();}
  25                  
  26          void CarLeft()
  27          {LeftMotoStop();RightMotoForward();}
  28          
  29          void CarStop()
  30          {RightMotoStop();LeftMotoStop();        
  31   1      lcd1602_init();
  32   1              lcd1602_write_cmd(0x82); //确定显示位置 
  33   1              lcd1602_write_data(0x41);//确定显示内容 
  34   1              lcd1602_char(1,3,'9');
  35   1              delay_ms(500);  
  36   1                      lcd1602_init();
  37   1              lcd1602_write_cmd(0x82); //确定显示位置 
  38   1              lcd1602_write_data(0x41);//确定显示内容 
  39   1              lcd1602_char(1,3,'8');
  40   1              delay_ms(500);
  41   1                      lcd1602_init();
  42   1              lcd1602_write_cmd(0x82); //确定显示位置 
  43   1              lcd1602_write_data(0x41);//确定显示内容 
  44   1              lcd1602_char(1,3,'7');
  45   1              delay_ms(500);
  46   1                      lcd1602_init();
  47   1              lcd1602_write_cmd(0x82); //确定显示位置 
  48   1              lcd1602_write_data(0x41);//确定显示内容 
  49   1              lcd1602_char(1,3,'6');
  50   1              delay_ms(500);
  51   1                      lcd1602_init();
  52   1              lcd1602_write_cmd(0x82); //确定显示位置 
  53   1              lcd1602_write_data(0x41);//确定显示内容 
  54   1              lcd1602_char(1,3,'5');
  55   1              delay_ms(500);
C51 COMPILER V9.00   MOVESTATE                                                             12/23/2021 14:39:19 PAGE 2   

  56   1                      lcd1602_init();
  57   1              lcd1602_write_cmd(0x82); //确定显示位置 
  58   1              lcd1602_write_data(0x41);//确定显示内容 
  59   1              lcd1602_char(1,3,'4');
  60   1              delay_ms(500);
  61   1                      lcd1602_init();
  62   1              lcd1602_write_cmd(0x82); //确定显示位置 
  63   1              lcd1602_write_data(0x41);//确定显示内容 
  64   1              lcd1602_char(1,3,'3');
  65   1              delay_ms(500);
  66   1                      lcd1602_init();
  67   1              lcd1602_write_cmd(0x82); //确定显示位置 
  68   1              lcd1602_write_data(0x41);//确定显示内容 
  69   1              lcd1602_char(1,3,'2');
  70   1              delay_ms(500);
  71   1                      lcd1602_init();
  72   1              lcd1602_write_cmd(0x82); //确定显示位置 
  73   1              lcd1602_write_data(0x41);//确定显示内容 
  74   1              lcd1602_char(1,3,'1');
  75   1              delay_ms(500);
  76   1                      lcd1602_init();
  77   1              lcd1602_write_cmd(0x82); //确定显示位置 
  78   1              lcd1602_write_data(0x41);//确定显示内容 
  79   1              lcd1602_char(1,3,'0');
  80   1              delay_ms(500);
  81   1      //      lcd1602_init();
  82   1      //      lcd1602_write_cmd(0x82); //确定显示位置 
  83   1      //      lcd1602_write_data(0x41);//确定显示内容 
  84   1      //      lcd1602_char(0,3,'Q');
  85   1      //      delay_ms(5000);
  86   1      ////     PWML=75;
  87   1      ////     PWMR=75;
  88   1      //      CarGo();
  89   1      //      delay_ms(1000);
  90   1      //      delay_ms(5000);
  91   1      //       PWML=75;
  92   1      //       PWMR=75;
  93   1              CarGo();
  94   1              delay_ms(1000);
  95   1      
  96   1      } 


MODULE INFORMATION:   STATIC OVERLAYABLE
   CODE SIZE        =    363    ----
   CONSTANT SIZE    =   ----    ----
   XDATA SIZE       =   ----    ----
   PDATA SIZE       =   ----    ----
   DATA SIZE        =      2    ----
   IDATA SIZE       =   ----    ----
   BIT SIZE         =   ----    ----
   EDATA SIZE       =   ----    ----
   HDATA SIZE       =   ----    ----
   XDATA CONST SIZE =   ----    ----
   FAR CONST SIZE   =   ----    ----
END OF MODULE INFORMATION.


C51 COMPILATION COMPLETE.  0 WARNING(S),  0 ERROR(S)
