C51 COMPILER V9.00   PWM                                                                   12/21/2021 14:33:08 PAGE 1   


C51 COMPILER V9.00, COMPILATION OF MODULE PWM
OBJECT MODULE PLACED IN PWM.OBJ
COMPILER INVOKED BY: D:\C51\BIN\C51.EXE PWM.c OMF2 BROWSE DEBUG

line level    source

   1          #include <REGX52.H>
   2          
   3          sbit PWM_R=P2^0;
   4          sbit PWM_L=P2^1;
   5          
   6          void PWM()
   7          {
   8   1              
   9   1              while(1)
  10   1              {
  11   2                      
  12   2              }
  13   1      }


MODULE INFORMATION:   STATIC OVERLAYABLE
   CODE SIZE        =      2    ----
   CONSTANT SIZE    =   ----    ----
   XDATA SIZE       =   ----    ----
   PDATA SIZE       =   ----    ----
   DATA SIZE        =   ----    ----
   IDATA SIZE       =   ----    ----
   BIT SIZE         =   ----    ----
   EDATA SIZE       =   ----    ----
   HDATA SIZE       =   ----    ----
   XDATA CONST SIZE =   ----    ----
   FAR CONST SIZE   =   ----    ----
END OF MODULE INFORMATION.


C51 COMPILATION COMPLETE.  0 WARNING(S),  0 ERROR(S)
