C51 COMPILER V9.00   TIMER                                                                 12/23/2021 14:39:21 PAGE 1   


C51 COMPILER V9.00, COMPILATION OF MODULE TIMER
OBJECT MODULE PLACED IN Timer.OBJ
COMPILER INVOKED BY: C:\Keil\C51\BIN\C51.EXE Timer.c OMF2 BROWSE DEBUG

line level    source

   1          #include <reg52.h>
   2          
   3          sbit ENR=P2^0;
   4          sbit ENL=P2^1;
   5          
   6          unsigned int PWMR=0,PWML=0,t=0; 
   7                                  
   8          
   9          void Timer0_Init()              //100Œ¢√Óßí
  10          {
  11   1                              
  12   1      
  13   1              TMOD=0X21;
  14   1      
  15   1              TH0=(65536-100)/256;    //F=f/12=11.0592M/12=0.9216MHZ   T=1/F=1.085us 
  16   1              TL0=(65536-100)%256;    
  17   1              ET0=1;
  18   1              TR0=1;
  19   1              EA=1;
  20   1      }
  21          
  22          
  23          
  24          
  25          void Timer0_Routinue() interrupt 1
  26          {
  27   1              
  28   1              TH0=(65536-100)/256; 
  29   1              TL0=(65536-100)%256;
  30   1                              t++;
  31   1                              if(t<PWML)
  32   1                                      {
  33   2                                              ENL=1;
  34   2                                      }
  35   1                              else
  36   1                                      {
  37   2                                              ENL=0;
  38   2                                      }
  39   1                              if(t<PWMR)
  40   1                                      {
  41   2                                              ENR=1;
  42   2                                      }
  43   1                              else
  44   1                                      {
  45   2                                              ENR=0;
  46   2                                      }
  47   1                              
  48   1                              if(t>=100)
  49   1                                      {
  50   2                                              t=0;
  51   2                                      }
  52   1      }


MODULE INFORMATION:   STATIC OVERLAYABLE
C51 COMPILER V9.00   TIMER                                                                 12/23/2021 14:39:21 PAGE 2   

   CODE SIZE        =     91    ----
   CONSTANT SIZE    =   ----    ----
   XDATA SIZE       =   ----    ----
   PDATA SIZE       =   ----    ----
   DATA SIZE        =      6    ----
   IDATA SIZE       =   ----    ----
   BIT SIZE         =   ----    ----
   EDATA SIZE       =   ----    ----
   HDATA SIZE       =   ----    ----
   XDATA CONST SIZE =   ----    ----
   FAR CONST SIZE   =   ----    ----
END OF MODULE INFORMATION.


C51 COMPILATION COMPLETE.  0 WARNING(S),  0 ERROR(S)
