C51 COMPILER V9.00   DELAY                                                                 12/19/2021 16:45:48 PAGE 1   


C51 COMPILER V9.00, COMPILATION OF MODULE DELAY
OBJECT MODULE PLACED IN .\Objects\Delay.obj
COMPILER INVOKED BY: D:\C51\BIN\C51.EXE Delay.c BROWSE DEBUG OBJECTEXTEND PRINT(.\Listings\Delay.lst) OBJECT(.\Objects\D
                    -elay.obj)

line level    source

   1          void Delay(unsigned int xms)
   2          {
   3   1              unsigned char i, j;
   4   1              while(xms--)
   5   1              {       i = 20;
   6   2              j = 113;
   7   2              do
   8   2              {
   9   3                      while (--j);
  10   3              } while (--i);
  11   2      }
  12   1      }


MODULE INFORMATION:   STATIC OVERLAYABLE
   CODE SIZE        =     21    ----
   CONSTANT SIZE    =   ----    ----
   XDATA SIZE       =   ----    ----
   PDATA SIZE       =   ----    ----
   DATA SIZE        =   ----    ----
   IDATA SIZE       =   ----    ----
   BIT SIZE         =   ----    ----
END OF MODULE INFORMATION.


C51 COMPILATION COMPLETE.  0 WARNING(S),  0 ERROR(S)
