C51 COMPILER V9.00   INFRAREDTRACK                                                         12/19/2021 16:45:48 PAGE 1   


C51 COMPILER V9.00, COMPILATION OF MODULE INFRAREDTRACK
OBJECT MODULE PLACED IN .\Objects\Infraredtrack.obj
COMPILER INVOKED BY: D:\C51\BIN\C51.EXE Infraredtrack.c BROWSE DEBUG OBJECTEXTEND PRINT(.\Listings\Infraredtrack.lst) OB
                    -JECT(.\Objects\Infraredtrack.obj)

line level    source

   1          #include <reg52.h>
   2          #include "MoveState.h"
   3          #include "Timer.h"
   4          #include "Delay.h"
   5          
   6          
   7          sbit D1=P3^3;
   8          sbit D2=P3^4;
   9          sbit D3=P3^5;
  10          sbit D4=P3^6;
  11          sbit D5=P3^7;
  12          
  13          void Track()   //1为灭 0为亮   灭1   亮0     检测到黑线为灭1   
  14          {
  15   1              
  16   1              if(D1==1&&D2==1&&D3==1&&D4==1&&D5==1)                                                   //小车在站点停靠，灯全灭都为1
  17   1                      {
  18   2                              
  19   2                              PWML=0;                          //左电机初始转速
  20   2                              PWMR=0;                       //右电机初始转速
  21   2                              CarStop();
  22   2                      }
  23   1      //////////////////////////////////////////////////////////////////////////////////////////////////////////
             -//////////                
  24   1                      
  25   1                      
  26   1              if(D1==0&&D2==0&&D3==0&&D5==1&&D4==1)  //小车右边扫描到黑线（轻微偏左）  小车应该向右移动  0100
  27   1                      {
  28   2                              
  29   2                              PWML=30;                           //左电机初始转速
  30   2                              PWMR=0;                          //右电机初始转速
  31   2                              CarGo();
  32   2                      }
  33   1      //////////////////////////////////////////////////////////////////////////////////////////////////////////
             -//////////                
  34   1                      
  35   1      //              if(D1==0&&D2==0&&D3==0&&D4==1)  //小车右边扫描到黑线（转小圈）  小车应该向右移动  1000
  36   1      //              {
  37   1      //                      
  38   1      //                      PWML=15;                           //左电机初始转速
  39   1      //                      PWMR=40;                       //右电机初始转速
  40   1      //                      CarGo();
  41   1      //                      
  42   1      //              }
  43   1      //////////////////////////////////////////////////////////////////////////////////////////////////////////
             -//////////                
  44   1                      
  45   1              if(D1==1&&D2==1&&D3==0&&D4==0&&D5==0)  //小车左边扫描到黑线（轻微偏右） 小车应该向左移动     0010
  46   1                      {
  47   2                              
  48   2                              PWML=0;                           //左电机初始转速
  49   2                              PWMR=30;                       //右电机初始转速
  50   2                              CarGo();
  51   2                      }
C51 COMPILER V9.00   INFRAREDTRACK                                                         12/19/2021 16:45:48 PAGE 2   

  52   1      //////////////////////////////////////////////////////////////////////////////////////////////////////////
             -//////////                
  53   1                      
  54   1                      
  55   1      //              if(D1==0&&D2==0&&D3==1&&D4==1)  //小车左边扫描到黑线（转小圈）  小车应该向左移动  0001
  56   1      //              {
  57   1      //                      
  58   1      //                      PWML=10;                           //左电机初始转速
  59   1      //                      PWMR=30;                       //右电机初始转速
  60   1      //                      CarGo();
  61   1      //                      
  62   1      //              }
  63   1      //////////////////////////////////////////////////////////////////////////////////////////////////////////
             -//////////                
  64   1                      
  65   1                      
  66   1              if(D1==0&&D2==0&&D3==0&&D5==0&&D4==0)  //小车两边都接收到红外线  小车直行      全亮都为0
  67   1                      {
  68   2                              
  69   2                              PWML=35;                           //左电机初始转速
  70   2                              PWMR=35;                    //右电机初始转速
  71   2                              CarGo();
  72   2                              
  73   2                      }
  74   1      }


MODULE INFORMATION:   STATIC OVERLAYABLE
   CODE SIZE        =    115    ----
   CONSTANT SIZE    =   ----    ----
   XDATA SIZE       =   ----    ----
   PDATA SIZE       =   ----    ----
   DATA SIZE        =   ----    ----
   IDATA SIZE       =   ----    ----
   BIT SIZE         =   ----    ----
END OF MODULE INFORMATION.


C51 COMPILATION COMPLETE.  0 WARNING(S),  0 ERROR(S)
