C51 COMPILER V9.00   MAIN                                                                  12/19/2021 16:45:47 PAGE 1   


C51 COMPILER V9.00, COMPILATION OF MODULE MAIN
OBJECT MODULE PLACED IN .\Objects\main.obj
COMPILER INVOKED BY: D:\C51\BIN\C51.EXE main.c BROWSE DEBUG OBJECTEXTEND PRINT(.\Listings\main.lst) OBJECT(.\Objects\mai
                    -n.obj)

line level    source

   1          #include <reg52.h>
   2          #include "MoveState.h"
   3          #include "Motordirver.h"
   4          #include "Timer.h"
   5          #include "Infraredtrack.h"
   6          #include <string.h>                             //strlen包含的头文件
   7          #define uint unsigned int 
   8          #define uint8 unsigned char
   9           
  10          sbit lcden=P2^4;
  11          sbit lcdrs=P2^5;
  12          sbit dula=P2^6;
  13          sbit wela=P2^7;
  14          
  15          uint8 code table[]="Hello everyone!"; 
  16          uint8 code table1[]="Welcome to my blog!";
  17          uint8 num;
  18          void xianshi();
  19          void delay(uint z);
  20          void write_com(uint8 com);
  21          void write_data(uint8 date);
  22          void init();
  23          void Write1602_Str(uint addr,uint length,uint *pbuf);
  24          
  25          void main()
  26          {
  27   1              Timer0_Init();
  28   1              EA=1;
  29   1              PWMR=30;
  30   1              PWML=30;        
  31   1              while(1)
  32   1              {
  33   2      //      sbit IN1 = P0^1;
  34   2      //      sbit IN2 = P0^2;
  35   2      //      sbit IN3 = P0^3;
  36   2      //      sbit IN4 = P0^4;
  37   2      //              IN1=1;
  38   2      //              IN2=0;
  39   2      //              IN3=0;
  40   2      //              IN4=1;  
  41   2                      
  42   2                      while(1)
  43   2                      {
  44   3                      Track();
  45   3                      }
  46   2                              
  47   2              }
  48   1              }
  49          void xianshi()
  50          {
  51   1              init();
  52   1              Write1602_Str(0x80+0x10,strlen(table),table);     //Hello everyone!
*** WARNING C182 IN LINE 52 OF MAIN.C: pointer to different objects
  53   1              Write1602_Str(0x80+0x50,strlen(table1),table1);   //Welcome to my blog!
C51 COMPILER V9.00   MAIN                                                                  12/19/2021 16:45:47 PAGE 2   

*** WARNING C182 IN LINE 53 OF MAIN.C: pointer to different objects
  54   1              while(1)
  55   1              {       
  56   2                              write_com(0x18);
  57   2                              delay(200);                         //移动速度，可自定
  58   2              }                                        
  59   1      }
  60          void delay(uint z)
  61          {
  62   1              uint i,j;
  63   1              for(i=z;i>0;i--)
  64   1                      for(j=0;j<921;j++);
  65   1      }
  66          void write_com(uint8 com)
  67          {
  68   1              lcdrs=0;                                         //RS=0->指令
  69   1                                                       // R/W我的单片机上引脚直接接地了所以不用设置
  70   1              delay(1);                                        //tsp1
  71   1              P0=com;                                          //DB0-DB7
  72   1              delay(1);                                        //tsp2
  73   1              lcden=1;                                         //tR
  74   1              delay(1);                                        //tpW
  75   1              lcden=0;                                         //tF、tHD1、tHD2
  76   1      }
  77          void write_data(uint8 date)
  78          {
  79   1              lcdrs=1;                                         //RS=1->数据
  80   1              delay(1);
  81   1              P0=date;
  82   1              delay(1);
  83   1              lcden=1;
  84   1              delay(1);
  85   1              lcden=0;
  86   1      }
  87          void init()
  88          {
  89   1              dula=0;                          //段选位关闭，因为P0口同时也是控制数据管的口
  90   1              wela=0;                          //同上
  91   1              lcden=0;                         //使能关（操作之前看时序图都需要E开始是0后来变为1）
  92   1              write_com(0x38);     //设置16*2显示，5*7点阵，8位数据口
  93   1              write_com(0x0e);     //设置开显示，不显示光标
  94   1              write_com(0x06);     //写一个字符后地址指针加1
  95   1              write_com(0x01);     //显示清0，数据指针清0
  96   1      }
  97          void Write1602_Str(uint8 addr,uint8 length,uint8 *pbuf)
  98          {
*** WARNING C235 IN LINE 98 OF MAIN.C: parameter 1: different types
*** WARNING C235 IN LINE 98 OF MAIN.C: parameter 2: different types
*** WARNING C235 IN LINE 98 OF MAIN.C: parameter 3: different types
  99   1          uint8 i; 
 100   1          write_com(addr);
 101   1          for(i=0;i<length;i++)
 102   1             write_data(pbuf[i]);
 103   1      } 


MODULE INFORMATION:   STATIC OVERLAYABLE
   CODE SIZE        =    235    ----
   CONSTANT SIZE    =     36    ----
   XDATA SIZE       =   ----    ----
   PDATA SIZE       =   ----    ----
   DATA SIZE        =      1       5
C51 COMPILER V9.00   MAIN                                                                  12/19/2021 16:45:47 PAGE 3   

   IDATA SIZE       =   ----    ----
   BIT SIZE         =   ----    ----
END OF MODULE INFORMATION.


C51 COMPILATION COMPLETE.  5 WARNING(S),  0 ERROR(S)
