C51 COMPILER V9.54   PWM                                                                   08/15/2021 12:03:48 PAGE 1   


C51 COMPILER V9.54, COMPILATION OF MODULE PWM
OBJECT MODULE PLACED IN .\Objects\PWM.obj
COMPILER INVOKED BY: E:\keil\C51\BIN\C51.EXE PWM.c OPTIMIZE(8,SPEED) BROWSE DEBUG OBJECTEXTEND PRINT(.\Listings\PWM.lst)
                    - TABS(2) OBJECT(.\Objects\PWM.obj)

line level    source

   1          #include <REGX52.H>
   2          
   3          sbit PWM_R=P1^0;
   4          sbit PWM_L=P1^1;
   5          
   6          void main()
   7          {
   8   1        
   9   1        while(1)
  10   1        {
  11   2          
  12   2        }
  13   1      }


MODULE INFORMATION:   STATIC OVERLAYABLE
   CODE SIZE        =      2    ----
   CONSTANT SIZE    =   ----    ----
   XDATA SIZE       =   ----    ----
   PDATA SIZE       =   ----    ----
   DATA SIZE        =   ----    ----
   IDATA SIZE       =   ----    ----
   BIT SIZE         =   ----    ----
END OF MODULE INFORMATION.


C51 COMPILATION COMPLETE.  0 WARNING(S),  0 ERROR(S)
